# JRE version: Java(TM) SE Runtime Environment (17.0.10+11) (build 17.0.10+11-LTS-240)
# Java VM: Java HotSpot(TM) 64-Bit Server VM (17.0.10+11-LTS-240, mixed mode, sharing, tiered, compressed oops, compressed class ptrs, g1 gc, windows-amd64)
GC Precious Log:
 CPUs: 4 total, 4 available
 Memory: 3960M
 Large Page Support: Disabled
 NUMA Support: Disabled
 Compressed Oops: Enabled (32-bit)
 Heap Region Size: 1M
 Heap Min Capacity: 256M
 Heap Initial Capacity: 256M
 Heap Max Capacity: 512M
 Pre-touch: Disabled
 Parallel Workers: 4
 Concurrent Workers: 1
 Concurrent Refinement Workers: 4
 Periodic GC: Disabled
Heap:
 garbage-first heap   total 262144K, used 66479K [0x00000000e0000000, 0x0000000100000000)
  region size 1024K, 35 young (35840K), 20 survivors (20480K)
 Metaspace       used 55019K, committed 55616K, reserved 393216K
  class space    used 7694K, committed 8000K, reserved 327680K
GC Heap History (18 events):
Event: 2.803 GC heap before
{Heap before GC invocations=0 (full 0):
 garbage-first heap   total 262144K, used 13312K [0x00000000e0000000, 0x0000000100000000)
  region size 1024K, 13 young (13312K), 0 survivors (0K)
 Metaspace       used 795K, committed 896K, reserved 393216K
  class space    used 61K, committed 128K, reserved 327680K
}
Event: 2.809 GC heap after
{Heap after GC invocations=1 (full 0):
 garbage-first heap   total 262144K, used 1760K [0x00000000e0000000, 0x0000000100000000)
  region size 1024K, 2 young (2048K), 2 survivors (2048K)
 Metaspace       used 795K, committed 896K, reserved 393216K
  class space    used 61K, committed 128K, reserved 327680K
}
Event: 7.089 GC heap before
{Heap before GC invocations=1 (full 0):
 garbage-first heap   total 262144K, used 22240K [0x00000000e0000000, 0x0000000100000000)
  region size 1024K, 19 young (19456K), 2 survivors (2048K)
 Metaspace       used 3263K, committed 3392K, reserved 393216K
  class space    used 411K, committed 512K, reserved 327680K
}
Event: 7.097 GC heap after
{Heap after GC invocations=2 (full 0):
 garbage-first heap   total 262144K, used 11363K [0x00000000e0000000, 0x0000000100000000)
  region size 1024K, 3 young (3072K), 3 survivors (3072K)
 Metaspace       used 3263K, committed 3392K, reserved 393216K
  class space    used 411K, committed 512K, reserved 327680K
}
Event: 10.221 GC heap before
{Heap before GC invocations=2 (full 0):
 garbage-first heap   total 262144K, used 41059K [0x00000000e0000000, 0x0000000100000000)
  region size 1024K, 32 young (32768K), 3 survivors (3072K)
 Metaspace       used 4076K, committed 4352K, reserved 393216K
  class space    used 503K, committed 640K, reserved 327680K
}
Event: 10.226 GC heap after
{Heap after GC invocations=3 (full 0):
 garbage-first heap   total 262144K, used 12263K [0x00000000e0000000, 0x0000000100000000)
  region size 1024K, 1 young (1024K), 1 survivors (1024K)
 Metaspace       used 4076K, committed 4352K, reserved 393216K
  class space    used 503K, committed 640K, reserved 327680K
}
Event: 18.356 GC heap before
{Heap before GC invocations=3 (full 0):
 garbage-first heap   total 262144K, used 133095K [0x00000000e0000000, 0x0000000100000000)
  region size 1024K, 118 young (120832K), 1 survivors (1024K)
 Metaspace       used 21208K, committed 21504K, reserved 393216K
  class space    used 3124K, committed 3264K, reserved 327680K
}
Event: 18.373 GC heap after
{Heap after GC invocations=4 (full 0):
 garbage-first heap   total 262144K, used 23738K [0x00000000e0000000, 0x0000000100000000)
  region size 1024K, 12 young (12288K), 12 survivors (12288K)
 Metaspace       used 21208K, committed 21504K, reserved 393216K
  class space    used 3124K, committed 3264K, reserved 327680K
}
Event: 26.765 GC heap before
{Heap before GC invocations=5 (full 0):
 garbage-first heap   total 262144K, used 146618K [0x00000000e0000000, 0x0000000100000000)
  region size 1024K, 129 young (132096K), 12 survivors (12288K)
 Metaspace       used 35653K, committed 35968K, reserved 393216K
  class space    used 4952K, committed 5120K, reserved 327680K
}
Event: 26.848 GC heap after
{Heap after GC invocations=6 (full 0):
 garbage-first heap   total 262144K, used 32994K [0x00000000e0000000, 0x0000000100000000)
  region size 1024K, 10 young (10240K), 10 survivors (10240K)
 Metaspace       used 35653K, committed 35968K, reserved 393216K
  class space    used 4952K, committed 5120K, reserved 327680K
}
Event: 27.669 GC heap before
{Heap before GC invocations=6 (full 0):
 garbage-first heap   total 262144K, used 35042K [0x00000000e0000000, 0x0000000100000000)
  region size 1024K, 12 young (12288K), 10 survivors (10240K)
 Metaspace       used 35789K, committed 36224K, reserved 393216K
  class space    used 4976K, committed 5184K, reserved 327680K
}
Event: 27.703 GC heap after
{Heap after GC invocations=7 (full 0):
 garbage-first heap   total 262144K, used 33161K [0x00000000e0000000, 0x0000000100000000)
  region size 1024K, 2 young (2048K), 2 survivors (2048K)
 Metaspace       used 35789K, committed 36224K, reserved 393216K
  class space    used 4976K, committed 5184K, reserved 327680K
}
Event: 28.009 GC heap before
{Heap before GC invocations=7 (full 0):
 garbage-first heap   total 262144K, used 35209K [0x00000000e0000000, 0x0000000100000000)
  region size 1024K, 5 young (5120K), 2 survivors (2048K)
 Metaspace       used 35886K, committed 36288K, reserved 393216K
  class space    used 4986K, committed 5184K, reserved 327680K
}
Event: 28.013 GC heap after
{Heap after GC invocations=8 (full 0):
 garbage-first heap   total 262144K, used 32753K [0x00000000e0000000, 0x0000000100000000)
  region size 1024K, 1 young (1024K), 1 survivors (1024K)
 Metaspace       used 35886K, committed 36288K, reserved 393216K
  class space    used 4986K, committed 5184K, reserved 327680K
}
Event: 37.811 GC heap before
{Heap before GC invocations=9 (full 0):
 garbage-first heap   total 262144K, used 181233K [0x00000000e0000000, 0x0000000100000000)
  region size 1024K, 144 young (147456K), 1 survivors (1024K)
 Metaspace       used 48952K, committed 49472K, reserved 393216K
  class space    used 6943K, committed 7168K, reserved 327680K
}
Event: 37.893 GC heap after
{Heap after GC invocations=10 (full 0):
 garbage-first heap   total 262144K, used 41017K [0x00000000e0000000, 0x0000000100000000)
  region size 1024K, 10 young (10240K), 10 survivors (10240K)
 Metaspace       used 48952K, committed 49472K, reserved 393216K
  class space    used 6943K, committed 7168K, reserved 327680K
}
Event: 61.658 GC heap before
{Heap before GC invocations=10 (full 0):
 garbage-first heap   total 262144K, used 186425K [0x00000000e0000000, 0x0000000100000000)
  region size 1024K, 153 young (156672K), 10 survivors (10240K)
 Metaspace       used 54959K, committed 55552K, reserved 393216K
  class space    used 7694K, committed 8000K, reserved 327680K
}
Event: 61.754 GC heap after
{Heap after GC invocations=11 (full 0):
 garbage-first heap   total 262144K, used 52143K [0x00000000e0000000, 0x0000000100000000)
  region size 1024K, 20 young (20480K), 20 survivors (20480K)
 Metaspace       used 54959K, committed 55552K, reserved 393216K
  class space    used 7694K, committed 8000K, reserved 327680K
}

